[01-Dec-2024 22:40:49 UTC] PHP Warning:  Trying to access array offset on value of type bool in C:\Users\99220\Local Sites\pachchaelai\app\public\wp-includes\functions.php on line 2284
[01-Dec-2024 22:40:49 UTC] PHP Fatal error:  Uncaught ValueError: Path cannot be empty in C:\Users\99220\Local Sites\pachchaelai\app\public\wp-includes\functions.php:2295
Stack trace:
#0 C:\Users\99220\Local Sites\pachchaelai\app\public\wp-includes\functions.php(2295): fopen('', 'a')
#1 C:\Users\99220\Local Sites\pachchaelai\app\public\wp-includes\functions.php(2261): win_is_writable(false)
#2 C:\Users\99220\Local Sites\pachchaelai\app\public\wp-content\plugins\woocommerce\src\Internal\Admin\Logging\FileV2\FileController.php(661): wp_is_writable(false)
#3 C:\Users\99220\Local Sites\pachchaelai\app\public\wp-content\plugins\woocommerce\src\Utilities\LoggingUtil.php(103): Automattic\WooCommerce\Internal\Admin\Logging\FileV2\FileController->get_log_directory_size()
#4 C:\Users\99220\Local Sites\pachchaelai\app\public\wp-content\plugins\woocommerce\includes\rest-api\Controllers\Version2\class-wc-rest-system-status-v2-controller.php(1538): Automattic\WooCommerce\Utilities\LoggingUtil::get_log_directory_size()
#5 C:\Users\99220\Local Sites\pachchaelai\app\public\wp-content\plugins\woocommerce\includes\rest-api\Controllers\Version2\class-wc-rest-system-status-v2-controller.php(810): WC_REST_System_Status_V2_Controller->get_logging_info()
#6 C:\Users\99220\Local Sites\pachchaelai\app\public\wp-content\plugins\woocommerce\includes\rest-api\Controllers\Version2\class-wc-rest-system-status-v2-controller.php(116): WC_REST_System_Status_V2_Controller->get_item_mappings_per_fields(Array)
#7 C:\Users\99220\Local Sites\pachchaelai\app\public\wp-includes\rest-api\class-wp-rest-server.php(1292): WC_REST_System_Status_V2_Controller->get_items(Object(WP_REST_Request))
#8 C:\Users\99220\Local Sites\pachchaelai\app\public\wp-includes\rest-api\class-wp-rest-server.php(1125): WP_REST_Server->respond_to_request(Object(WP_REST_Request), '/wc/v3/system_s...', Array, NULL)
#9 C:\Users\99220\Local Sites\pachchaelai\app\public\wp-includes\rest-api.php(576): WP_REST_Server->dispatch(Object(WP_REST_Request))
#10 C:\Users\99220\Local Sites\pachchaelai\app\public\wp-content\plugins\woocommerce\src\Utilities\RestApiUtil.php(25): rest_do_request(Object(WP_REST_Request))
#11 C:\Users\99220\Local Sites\pachchaelai\app\public\wp-content\plugins\woocommerce\includes\admin\views\html-admin-page-status-report.php(16): Automattic\WooCommerce\Utilities\RestApiUtil->get_endpoint_data('/wc/v3/system_s...')
#12 C:\Users\99220\Local Sites\pachchaelai\app\public\wp-content\plugins\woocommerce\includes\admin\class-wc-admin-status.php(36): include_once('C:\\Users\\99220\\...')
#13 C:\Users\99220\Local Sites\pachchaelai\app\public\wp-content\plugins\woocommerce\includes\admin\views\html-admin-page-status.php(43): WC_Admin_Status::status_report()
#14 C:\Users\99220\Local Sites\pachchaelai\app\public\wp-content\plugins\woocommerce\includes\admin\class-wc-admin-status.php(29): include_once('C:\\Users\\99220\\...')
#15 C:\Users\99220\Local Sites\pachchaelai\app\public\wp-content\plugins\woocommerce\includes\admin\class-wc-admin-menus.php(364): WC_Admin_Status::output()
#16 C:\Users\99220\Local Sites\pachchaelai\app\public\wp-includes\class-wp-hook.php(324): WC_Admin_Menus->status_page('')
#17 C:\Users\99220\Local Sites\pachchaelai\app\public\wp-includes\class-wp-hook.php(348): WP_Hook->apply_filters('', Array)
#18 C:\Users\99220\Local Sites\pachchaelai\app\public\wp-includes\plugin.php(517): WP_Hook->do_action(Array)
#19 C:\Users\99220\Local Sites\pachchaelai\app\public\wp-admin\admin.php(259): do_action('woocommerce_pag...')
#20 {main}
  thrown in C:\Users\99220\Local Sites\pachchaelai\app\public\wp-includes\functions.php on line 2295
